-----BEGIN PRIVATE KEY-----
MIIEvQIBADANBgkqhkiG9w0BAQEFAASCBKcwggSjAgEAAoIBAQCbuPLeUXV+Etze
0A4fmrwgStEV7Nrcwtab/WTGls685unhUFGudOrwkjg/uKWZY9HkQGXQmDyokysW
3CrctDWYcSi8DSmZ/NzLGKnknupEVqYJhIKPYhHPwokqqHcE+7L1FTpyNMjvGUZ4
29uU7hd0IdAWCHJst0989i2fuljq04cwxjQNYvDOopNzsl1JspomwTzbe+KEsSFj
uA/RVUHiBmGn3Vpv6PsGbd4u/9PBudyMepAgg7pKCUNQL/LRY+bus+CeKMDKmVf8
rIh063RGj0n/tZdVM6k926AbooG+kK7utwDrG8maTPPQTGwNGkvjwoWua2ZPGKaH
g8AWDQ1JAgMBAAECggEAfFATIkNpRjIMvJrfC3/dOvI/I/+nYKDx7ilFL/voIok8
oDAcZObVPyObX9Mp79/uCQcXwIQnuHNz7JXqabI7Luz3Fdh0I4fnQwL3bZknb1K0
zdhI2enySicElVdTXFkKrfg6Zj2ZQrasuYLaMnQ3qO/tTAmGPx+/hwSHu4FpxlvE
DyOGlsZP+2bXWg3WPYbJHPCyC+2ycbDLjWZGbEbtlmhBctoWwVJFfiCHK26r19Z8
fPNVC0uzHaWoVCPskDgMGMeRLL5mcalamvEyCQVDCjyIf1gpqtDHTUvOrV6bKt89
m4UCv5G33PIM69BPZ/wyoxYJIO3EH7fBMeaLUEVzWQKBgQDO1eb2ZrLHkPl/4vdx
LeFqm9HP3GDBs7SghEO1j3b/UGJZdCPbHr5VpCj5aGdhInB3Oyqp+siTD2ye2s4H
Jb2xNXPyL1x/fFJc6+DVFFn8JCuYBxJRUdLkIl8ENaXOfQFvoIG6qpZrvgA1rOs1
hNXDKA78OSAyofaB3KantAnGTwKBgQDAvMa6OrYeBHIX4HGQDU8N1wtXXZ+VguKz
XAZ2hvj1LpqlzhsZHJvtp17ApRkGFu622aBfMO7IpcIkxw7K0TJCmS6Aj3d18i3o
KrN3CygjksSG8QLScSEXAjQLLDeXciqIt/m5Mvv1uyJoZqoTbWf/JCg1T5ArrHLs
uwgrKygk5wKBgD6fIHhFi6dES2Xez8/idjcSyilGrby3rd5TbTSRJRQTwFMZCKoU
2sePFiC87V/JT4ep0Db6iLONnfNSh8I+OPpoFpyinjyy5TTg7YdVzBC82r4Clhcs
0M7lYSMjIvorer3TOLPNZhFkyyd1HRltCFM306GlogvyYXHb3lEz/ymdAoGABrbM
yXIAJB2Nh+1mp1j/VwEVwQ5e38t2cD8Vbo2XIJtmAb6jTQWlHOtGrrlRnNexqyb7
ojVHLDAyCivxBPmyoYVKjGnzBGXSWZMbO1tlI5AaToUYzxHn0DBgdb8tlJYCi061
YVE4W8AQG8jvxct64vV0fR7va8YPHtYJG8/eDyMCgYEAgQoy+8brRs2oz0yCFQ5f
c+T0lXJV52rN+12vCLwMF+hxlTCBEKJH/hqvhwJwg71PJPiG+myUDA8w75H7ddqL
c7FgASOTKwS3TCF23Gz4S3hg23hj3ASyYmcy3Pkz6WDJDk41IWi5xDNcwQobHdQG
kZAKWulkRCKRT9Hi8me7wBg=
-----END PRIVATE KEY-----
